<?xml version="1.0" encoding="UTF-8"?>
<!-- Generated by org.testng.reporters.JUnitXMLReporter -->
<testsuite ignored="0" hostname="HUSSEIN" failures="0" tests="2" name="Default test" time="6.679" errors="0" timestamp="2023-11-25T19:49:23 EET">
  <testcase classname="workingwithelements.WoorkingWithConfirmAlert" name="testPromptConfirmAlert" time="2.187"/>
  <testcase classname="workingwithelements.WoorkingWithConfirmAlert" name="testPromptDismissAlert" time="2.137"/>
</testsuite> <!-- Default test -->
