<?xml version="1.0" encoding="UTF-8"?>
<testng-results ignored="0" total="2" passed="2" failed="0" skipped="0">
  <reporter-output>
  </reporter-output>
  <suite started-at="2023-11-25T19:49:16 EET" name="Default suite" finished-at="2023-11-25T19:49:23 EET" duration-ms="6679">
    <groups>
    </groups>
    <test started-at="2023-11-25T19:49:16 EET" name="Default test" finished-at="2023-11-25T19:49:23 EET" duration-ms="6679">
      <class name="workingwithelements.WoorkingWithConfirmAlert">
        <test-method is-config="true" signature="openURL()[pri:0, instance:workingwithelements.WoorkingWithConfirmAlert@68ed96ca]" started-at="2023-11-25T19:49:16 EET" name="openURL" finished-at="2023-11-25T19:49:18 EET" duration-ms="1412" status="PASS">
          <reporter-output>
          </reporter-output>
        </test-method> <!-- openURL -->
        <test-method signature="testPromptConfirmAlert()[pri:1, instance:workingwithelements.WoorkingWithConfirmAlert@68ed96ca]" started-at="2023-11-25T19:49:18 EET" name="testPromptConfirmAlert" finished-at="2023-11-25T19:49:20 EET" duration-ms="2187" status="PASS">
          <reporter-output>
          </reporter-output>
        </test-method> <!-- testPromptConfirmAlert -->
        <test-method signature="testPromptDismissAlert()[pri:2, instance:workingwithelements.WoorkingWithConfirmAlert@68ed96ca]" started-at="2023-11-25T19:49:20 EET" name="testPromptDismissAlert" finished-at="2023-11-25T19:49:22 EET" duration-ms="2137" status="PASS">
          <reporter-output>
          </reporter-output>
        </test-method> <!-- testPromptDismissAlert -->
        <test-method is-config="true" signature="closeDriver()[pri:0, instance:workingwithelements.WoorkingWithConfirmAlert@68ed96ca]" started-at="2023-11-25T19:49:22 EET" name="closeDriver" finished-at="2023-11-25T19:49:23 EET" duration-ms="883" status="PASS">
          <reporter-output>
          </reporter-output>
        </test-method> <!-- closeDriver -->
      </class> <!-- workingwithelements.WoorkingWithConfirmAlert -->
    </test> <!-- Default test -->
  </suite> <!-- Default suite -->
</testng-results>
